Arguments: 
  /usr/bin/node /usr/share/yarn/bin/yarn.js publish

PATH: 
  /usr/local/bin:/usr/bin:/bin:/usr/local/games:/usr/games:/home/andi/bin:/home/andi/.yarn/bin

Yarn version: 
  1.6.0

Node version: 
  8.11.2

Platform: 
  linux x64

Trace: 
  Error: canceled
      at Interface.<anonymous> (/usr/share/yarn/lib/cli.js:129516:13)
      at emitNone (events.js:106:13)
      at Interface.emit (events.js:208:7)
      at Interface._ttyWrite (readline.js:774:16)
      at ReadStream.onkeypress (readline.js:158:10)
      at emitTwo (events.js:126:13)
      at ReadStream.emit (events.js:214:7)
      at emitKeys (internal/readline.js:420:14)
      at emitKeys.next (<anonymous>)
      at ReadStream.onData (readline.js:1010:36)

npm manifest: 
  {
      "name": "cli-progress",
      "version": "2.0.0",
      "description": "Easy to use Progress-Bar for Command-Line/Terminal Applications",
      "keywords": [
          "cli",
          "tty",
          "terminal",
          "progress",
          "progressbar",
          "bar",
          "status",
          "statusbar",
          "utility",
          "widget"
      ],
      "homepage": "https://github.com/AndiDittrich/Node.CLI-Progress",
      "bugs": "https://github.com/AndiDittrich/Node.CLI-Progress/issues",
      "repository": "AndiDittrich/Node.CLI-Progress",
      "files": [
          "cli-progress.js",
          "lib/",
          "presets/"
      ],
      "scripts": {
          "test": "eslint lib/**.js"
      },
      "engines": {
          "node": ">=4"
      },
      "main": "./cli-progress.js",
      "author": "Andi Dittrich (https://andidittrich.de)",
      "license": "MIT",
      "dependencies": {
          "colors": "^1.1.2"
      }
  }

yarn manifest: 
  No manifest

Lockfile: 
  # THIS IS AN AUTOGENERATED FILE. DO NOT EDIT THIS FILE DIRECTLY.
  # yarn lockfile v1
  
  
  colors@^1.1.2:
    version "1.1.2"
    resolved "https://registry.yarnpkg.com/colors/-/colors-1.1.2.tgz#168a4701756b6a7f51a12ce0c97bfa28c084ed63"
